{"name": "Account creation", "status": "failed", "statusDetails": {"message": "selene.core.exceptions.TimeoutException: Message: \n\nTimed out after 4s, while waiting for:\nbrowser.element(('css selector', '#submitAccount1')).click\nReason: NoSuchElementException: Message: no such element: Unable to locate element: {\"method\":\"css selector\",\"selector\":\"#submitAccount1\"}\n  (Session info: headless chrome=79.0.3945.130)\n\nScreenshot: file:///root/.selene/screenshots/1580981955133/1580981955134.png\nPageSource: file:///root/.selene/screenshots/1580981955133/1580981955134.html\n\n", "trace": "  File \"/usr/local/lib/python3.8/site-packages/behave/model.py\", line 1329, in run\n    match.run(runner.context)\n  File \"/usr/local/lib/python3.8/site-packages/behave/matchers.py\", line 98, in run\n    self.func(context, *args, **kwargs)\n  File \"features/steps/steps.py\", line 155, in step_impl\n    s(\"#submitAccount1\").click()\n  File \"/usr/local/lib/python3.8/site-packages/selene/core/entity.py\", line 253, in click\n    self.wait.command('click', lambda element: element().click())\n  File \"/usr/local/lib/python3.8/site-packages/selene/core/wait.py\", line 111, in command\n    self.for_(Command(description, fn))\n  File \"/usr/local/lib/python3.8/site-packages/selene/core/wait.py\", line 100, in for_\n    raise self._hook_failure(failure)\n"}, "steps": [{"name": "Given I am in Sign In page", "status": "passed", "start": 1580981956289, "stop": 1580981959155}, {"name": "When I enter email in Create New Account section", "status": "passed", "start": 1580981959155, "stop": 1580981960660}, {"name": "And I enter valid account details", "status": "passed", "start": 1580981960660, "stop": 1580981961901}, {"name": "And click on Register button", "status": "failed", "statusDetails": {"message": "selene.core.exceptions.TimeoutException: Message: \n\nTimed out after 4s, while waiting for:\nbrowser.element(('css selector', '#submitAccount1')).click\nReason: NoSuchElementException: Message: no such element: Unable to locate element: {\"method\":\"css selector\",\"selector\":\"#submitAccount1\"}\n  (Session info: headless chrome=79.0.3945.130)\n\nScreenshot: file:///root/.selene/screenshots/1580981955133/1580981955134.png\nPageSource: file:///root/.selene/screenshots/1580981955133/1580981955134.html\n\n", "trace": "  File \"/usr/local/lib/python3.8/site-packages/behave/model.py\", line 1329, in run\n    match.run(runner.context)\n  File \"/usr/local/lib/python3.8/site-packages/behave/matchers.py\", line 98, in run\n    self.func(context, *args, **kwargs)\n  File \"features/steps/steps.py\", line 155, in step_impl\n    s(\"#submitAccount1\").click()\n  File \"/usr/local/lib/python3.8/site-packages/selene/core/entity.py\", line 253, in click\n    self.wait.command('click', lambda element: element().click())\n  File \"/usr/local/lib/python3.8/site-packages/selene/core/wait.py\", line 111, in command\n    self.for_(Command(description, fn))\n  File \"/usr/local/lib/python3.8/site-packages/selene/core/wait.py\", line 100, in for_\n    raise self._hook_failure(failure)\n"}, "start": 1580981961901, "stop": 1580981966006}, {"name": "And My Account page is opened", "status": "skipped", "start": 1580981966007, "stop": 1580981966007}, {"name": "And I click on My Personal Information button", "status": "skipped", "start": 1580981966007, "stop": 1580981966007}, {"name": "Then Your Personal Information page is opened", "status": "skipped", "start": 1580981966007, "stop": 1580981966007}, {"name": "And correct personal information is displayed", "status": "skipped", "start": 1580981966007, "stop": 1580981966007}], "start": 1580981956289, "stop": 1580981966007, "uuid": "deeda7ba-b57c-4a7f-9299-3556aa904cab", "historyId": "65deff046e9e25a740783ffb86da98a7", "labels": [{"name": "severity", "value": "normal"}, {"name": "feature", "value": "automationpractice"}, {"name": "framework", "value": "behave"}, {"name": "language", "value": "cpython3"}]}