{"name": "Account creation", "status": "failed", "statusDetails": {"message": "selene.core.exceptions.TimeoutException: Message: \n\nTimed out after 4s, while waiting for:\nbrowser.element(('css selector', '.info-account')).has text Welcome to your account. Here you can manage all of your personal information and orders.\nReason: NoSuchElementException: Message: no such element: Unable to locate element: {\"method\":\"css selector\",\"selector\":\".info-account\"}\n  (Session info: headless chrome=79.0.3945.130)\n\nScreenshot: file:///root/.selene/screenshots/1580813431236/1580813431237.png\nPageSource: file:///root/.selene/screenshots/1580813431236/1580813431237.html\n\n", "trace": "  File \"/usr/local/lib/python3.8/site-packages/behave/model.py\", line 1329, in run\n    match.run(runner.context)\n  File \"/usr/local/lib/python3.8/site-packages/behave/matchers.py\", line 98, in run\n    self.func(context, *args, **kwargs)\n  File \"features/steps/steps.py\", line 46, in step_impl\n    s('.info-account').should(have.text('Welcome to your account. Here you can manage all of your personal information and orders.'))\n  File \"/usr/local/lib/python3.8/site-packages/selene/core/entity.py\", line 294, in should\n    super().should(condition)\n  File \"/usr/local/lib/python3.8/site-packages/selene/core/entity.py\", line 121, in should\n    self.wait.for_(condition)\n  File \"/usr/local/lib/python3.8/site-packages/selene/core/wait.py\", line 100, in for_\n    raise self._hook_failure(failure)\n"}, "steps": [{"name": "Given I am in Sign In page", "status": "passed", "start": 1580813432395, "stop": 1580813436894}, {"name": "When I enter email in Create New Account section", "status": "passed", "start": 1580813436894, "stop": 1580813438461}, {"name": "And I enter valid account details", "status": "passed", "start": 1580813438461, "stop": 1580813439655}, {"name": "And click on Register button", "status": "passed", "start": 1580813439655, "stop": 1580813440629}, {"name": "And My Account page is opened", "status": "failed", "statusDetails": {"message": "selene.core.exceptions.TimeoutException: Message: \n\nTimed out after 4s, while waiting for:\nbrowser.element(('css selector', '.info-account')).has text Welcome to your account. Here you can manage all of your personal information and orders.\nReason: NoSuchElementException: Message: no such element: Unable to locate element: {\"method\":\"css selector\",\"selector\":\".info-account\"}\n  (Session info: headless chrome=79.0.3945.130)\n\nScreenshot: file:///root/.selene/screenshots/1580813431236/1580813431237.png\nPageSource: file:///root/.selene/screenshots/1580813431236/1580813431237.html\n\n", "trace": "  File \"/usr/local/lib/python3.8/site-packages/behave/model.py\", line 1329, in run\n    match.run(runner.context)\n  File \"/usr/local/lib/python3.8/site-packages/behave/matchers.py\", line 98, in run\n    self.func(context, *args, **kwargs)\n  File \"features/steps/steps.py\", line 46, in step_impl\n    s('.info-account').should(have.text('Welcome to your account. Here you can manage all of your personal information and orders.'))\n  File \"/usr/local/lib/python3.8/site-packages/selene/core/entity.py\", line 294, in should\n    super().should(condition)\n  File \"/usr/local/lib/python3.8/site-packages/selene/core/entity.py\", line 121, in should\n    self.wait.for_(condition)\n  File \"/usr/local/lib/python3.8/site-packages/selene/core/wait.py\", line 100, in for_\n    raise self._hook_failure(failure)\n"}, "start": 1580813440629, "stop": 1580813444767}, {"name": "And I click on My Personal Information button", "status": "skipped", "start": 1580813444768, "stop": 1580813444768}, {"name": "Then Your Personal Information page is opened", "status": "skipped", "start": 1580813444768, "stop": 1580813444768}, {"name": "And correct personal information is displayed", "status": "skipped", "start": 1580813444768, "stop": 1580813444768}], "start": 1580813432394, "stop": 1580813444768, "uuid": "a885fab6-5f22-4244-8075-f7de80bc3052", "historyId": "65deff046e9e25a740783ffb86da98a7", "labels": [{"name": "severity", "value": "normal"}, {"name": "feature", "value": "automationpractice"}, {"name": "framework", "value": "behave"}, {"name": "language", "value": "cpython3"}]}