{"name": "Account creation", "status": "failed", "statusDetails": {"message": "selene.core.exceptions.TimeoutException: Message: \n\nTimed out after 4s, while waiting for:\nbrowser.element(('css selector', '#SubmitCreate')).has text \"mailfortesting48@mailfortestingonly.com\"\nReason: AssertionError: actual text: Create an account\nScreenshot: file:///root/.selene/screenshots/1581073932077/1581073932078.png\nPageSource: file:///root/.selene/screenshots/1581073932077/1581073932078.html\n\n", "trace": "  File \"/usr/local/lib/python3.8/site-packages/behave/model.py\", line 1329, in run\n    match.run(runner.context)\n  File \"/usr/local/lib/python3.8/site-packages/behave/matchers.py\", line 98, in run\n    self.func(context, *args, **kwargs)\n  File \"features/steps/steps.py\", line 139, in step_impl\n    s(\"#SubmitCreate\").should(have.text(email))\n  File \"/usr/local/lib/python3.8/site-packages/selene/core/entity.py\", line 294, in should\n    super().should(condition)\n  File \"/usr/local/lib/python3.8/site-packages/selene/core/entity.py\", line 121, in should\n    self.wait.for_(condition)\n  File \"/usr/local/lib/python3.8/site-packages/selene/core/wait.py\", line 100, in for_\n    raise self._hook_failure(failure)\n"}, "steps": [{"name": "Given I am in Sign In page", "status": "passed", "start": 1581073933234, "stop": 1581073936524}, {"name": "When I enter \"mailfortesting48@mailfortestingonly.com\" in Create New Account section", "status": "failed", "statusDetails": {"message": "selene.core.exceptions.TimeoutException: Message: \n\nTimed out after 4s, while waiting for:\nbrowser.element(('css selector', '#SubmitCreate')).has text \"mailfortesting48@mailfortestingonly.com\"\nReason: AssertionError: actual text: Create an account\nScreenshot: file:///root/.selene/screenshots/1581073932077/1581073932078.png\nPageSource: file:///root/.selene/screenshots/1581073932077/1581073932078.html\n\n", "trace": "  File \"/usr/local/lib/python3.8/site-packages/behave/model.py\", line 1329, in run\n    match.run(runner.context)\n  File \"/usr/local/lib/python3.8/site-packages/behave/matchers.py\", line 98, in run\n    self.func(context, *args, **kwargs)\n  File \"features/steps/steps.py\", line 139, in step_impl\n    s(\"#SubmitCreate\").should(have.text(email))\n  File \"/usr/local/lib/python3.8/site-packages/selene/core/entity.py\", line 294, in should\n    super().should(condition)\n  File \"/usr/local/lib/python3.8/site-packages/selene/core/entity.py\", line 121, in should\n    self.wait.for_(condition)\n  File \"/usr/local/lib/python3.8/site-packages/selene/core/wait.py\", line 100, in for_\n    raise self._hook_failure(failure)\n"}, "start": 1581073936524, "stop": 1581073941027}, {"name": "And I enter valid account details", "status": "skipped", "start": 1581073941028, "stop": 1581073941028}, {"name": "And click on Register button", "status": "skipped", "start": 1581073941028, "stop": 1581073941028}, {"name": "And My Account page is opened", "status": "skipped", "start": 1581073941028, "stop": 1581073941028}, {"name": "And I click on My Personal Information button", "status": "skipped", "start": 1581073941028, "stop": 1581073941029}, {"name": "Then Your Personal Information page is opened", "status": "skipped", "start": 1581073941029, "stop": 1581073941029}, {"name": "And correct personal information is displayed", "status": "skipped", "start": 1581073941029, "stop": 1581073941029}], "start": 1581073933233, "stop": 1581073941029, "uuid": "bef582e0-27a0-4cb5-a6cd-a209999e1508", "historyId": "65deff046e9e25a740783ffb86da98a7", "labels": [{"name": "severity", "value": "normal"}, {"name": "feature", "value": "automationpractice"}, {"name": "framework", "value": "behave"}, {"name": "language", "value": "cpython3"}]}