{"name": "Account creation", "status": "failed", "statusDetails": {"message": "selene.core.exceptions.TimeoutException: Message: \n\nTimed out after 4s, while waiting for:\nbrowser.element(('css selector', '#id_state')).set value: 24\nReason: InvalidElementStateException: Message: invalid element state\n  (Session info: headless chrome=79.0.3945.130)\n\nScreenshot: file:///root/.selene/screenshots/1580810631579/1580810631580.png\nPageSource: file:///root/.selene/screenshots/1580810631579/1580810631580.html\n\n", "trace": "  File \"/usr/local/lib/python3.8/site-packages/behave/model.py\", line 1329, in run\n    match.run(runner.context)\n  File \"/usr/local/lib/python3.8/site-packages/behave/matchers.py\", line 98, in run\n    self.func(context, *args, **kwargs)\n  File \"features/steps/steps.py\", line 34, in step_impl\n    s(\"#id_state\").set_value(STATE)\n  File \"/usr/local/lib/python3.8/site-packages/selene/core/entity.py\", line 194, in set_value\n    self.wait.for_(command.js.set_value(value) if self.config.set_value_by_js\n  File \"/usr/local/lib/python3.8/site-packages/selene/core/wait.py\", line 100, in for_\n    raise self._hook_failure(failure)\n"}, "steps": [{"name": "Given I am in Sign In page", "status": "passed", "start": 1580810632743, "stop": 1580810637186}, {"name": "When I enter email in Create New Account section", "status": "passed", "start": 1580810637186, "stop": 1580810639512}, {"name": "And I enter valid account details", "status": "failed", "statusDetails": {"message": "selene.core.exceptions.TimeoutException: Message: \n\nTimed out after 4s, while waiting for:\nbrowser.element(('css selector', '#id_state')).set value: 24\nReason: InvalidElementStateException: Message: invalid element state\n  (Session info: headless chrome=79.0.3945.130)\n\nScreenshot: file:///root/.selene/screenshots/1580810631579/1580810631580.png\nPageSource: file:///root/.selene/screenshots/1580810631579/1580810631580.html\n\n", "trace": "  File \"/usr/local/lib/python3.8/site-packages/behave/model.py\", line 1329, in run\n    match.run(runner.context)\n  File \"/usr/local/lib/python3.8/site-packages/behave/matchers.py\", line 98, in run\n    self.func(context, *args, **kwargs)\n  File \"features/steps/steps.py\", line 34, in step_impl\n    s(\"#id_state\").set_value(STATE)\n  File \"/usr/local/lib/python3.8/site-packages/selene/core/entity.py\", line 194, in set_value\n    self.wait.for_(command.js.set_value(value) if self.config.set_value_by_js\n  File \"/usr/local/lib/python3.8/site-packages/selene/core/wait.py\", line 100, in for_\n    raise self._hook_failure(failure)\n"}, "start": 1580810639513, "stop": 1580810644393}, {"name": "And click on Register button", "status": "skipped", "start": 1580810644394, "stop": 1580810644394}, {"name": "And My Account page is opened", "status": "skipped", "start": 1580810644394, "stop": 1580810644394}, {"name": "And I click on My Personal Information button", "status": "skipped", "start": 1580810644394, "stop": 1580810644394}, {"name": "Then Your Personal Information page is opened", "status": "skipped", "start": 1580810644394, "stop": 1580810644394}, {"name": "And correct personal information is displayed", "status": "skipped", "start": 1580810644394, "stop": 1580810644394}], "start": 1580810632742, "stop": 1580810644394, "uuid": "4c953e1d-557c-41f4-856f-fecc914aa191", "historyId": "65deff046e9e25a740783ffb86da98a7", "labels": [{"name": "severity", "value": "normal"}, {"name": "feature", "value": "automationpractice"}, {"name": "framework", "value": "behave"}, {"name": "language", "value": "cpython3"}]}