{"name": "Account creation", "status": "failed", "statusDetails": {"message": "selene.core.exceptions.TimeoutException: Message: \n\nTimed out after 4s, while waiting for:\nbrowser.element(('css selector', '#account-creation_form')).is visible\nReason: NoSuchElementException: Message: no such element: Unable to locate element: {\"method\":\"css selector\",\"selector\":\"#account-creation_form\"}\n  (Session info: headless chrome=79.0.3945.130)\n\nScreenshot: file:///root/.selene/screenshots/1580815091741/1580815091742.png\nPageSource: file:///root/.selene/screenshots/1580815091741/1580815091742.html\n\n", "trace": "  File \"/usr/local/lib/python3.8/site-packages/behave/model.py\", line 1329, in run\n    match.run(runner.context)\n  File \"/usr/local/lib/python3.8/site-packages/behave/matchers.py\", line 98, in run\n    self.func(context, *args, **kwargs)\n  File \"features/steps/steps.py\", line 25, in step_impl\n    s(\"#account-creation_form\").should(be.visible)\n  File \"/usr/local/lib/python3.8/site-packages/selene/core/entity.py\", line 294, in should\n    super().should(condition)\n  File \"/usr/local/lib/python3.8/site-packages/selene/core/entity.py\", line 121, in should\n    self.wait.for_(condition)\n  File \"/usr/local/lib/python3.8/site-packages/selene/core/wait.py\", line 100, in for_\n    raise self._hook_failure(failure)\n"}, "steps": [{"name": "Given I am in Sign In page", "status": "passed", "start": 1580815092906, "stop": 1580815096902}, {"name": "When I enter email in Create New Account section", "status": "failed", "statusDetails": {"message": "selene.core.exceptions.TimeoutException: Message: \n\nTimed out after 4s, while waiting for:\nbrowser.element(('css selector', '#account-creation_form')).is visible\nReason: NoSuchElementException: Message: no such element: Unable to locate element: {\"method\":\"css selector\",\"selector\":\"#account-creation_form\"}\n  (Session info: headless chrome=79.0.3945.130)\n\nScreenshot: file:///root/.selene/screenshots/1580815091741/1580815091742.png\nPageSource: file:///root/.selene/screenshots/1580815091741/1580815091742.html\n\n", "trace": "  File \"/usr/local/lib/python3.8/site-packages/behave/model.py\", line 1329, in run\n    match.run(runner.context)\n  File \"/usr/local/lib/python3.8/site-packages/behave/matchers.py\", line 98, in run\n    self.func(context, *args, **kwargs)\n  File \"features/steps/steps.py\", line 25, in step_impl\n    s(\"#account-creation_form\").should(be.visible)\n  File \"/usr/local/lib/python3.8/site-packages/selene/core/entity.py\", line 294, in should\n    super().should(condition)\n  File \"/usr/local/lib/python3.8/site-packages/selene/core/entity.py\", line 121, in should\n    self.wait.for_(condition)\n  File \"/usr/local/lib/python3.8/site-packages/selene/core/wait.py\", line 100, in for_\n    raise self._hook_failure(failure)\n"}, "start": 1580815096902, "stop": 1580815101386}, {"name": "And I enter valid account details", "status": "skipped", "start": 1580815101387, "stop": 1580815101387}, {"name": "And click on Register button", "status": "skipped", "start": 1580815101387, "stop": 1580815101387}, {"name": "And My Account page is opened", "status": "skipped", "start": 1580815101387, "stop": 1580815101387}, {"name": "And I click on My Personal Information button", "status": "skipped", "start": 1580815101387, "stop": 1580815101387}, {"name": "Then Your Personal Information page is opened", "status": "skipped", "start": 1580815101387, "stop": 1580815101387}, {"name": "And correct personal information is displayed", "status": "skipped", "start": 1580815101387, "stop": 1580815101387}], "start": 1580815092905, "stop": 1580815101387, "uuid": "ddc5f4f5-ba9b-4aa2-b02a-497785ed6aef", "historyId": "65deff046e9e25a740783ffb86da98a7", "labels": [{"name": "severity", "value": "normal"}, {"name": "feature", "value": "automationpractice"}, {"name": "framework", "value": "behave"}, {"name": "language", "value": "cpython3"}]}