{"name": "Account creation", "status": "failed", "statusDetails": {"message": "selene.core.exceptions.TimeoutException: Message: \n\nTimed out after 4s, while waiting for:\nbrowser.element(('css selector', '#account-creation_form')).has text \"mailfortesting48@mailfortestingonly.com\"\nReason: NoSuchElementException: Message: no such element: Unable to locate element: {\"method\":\"css selector\",\"selector\":\"#account-creation_form\"}\n  (Session info: headless chrome=79.0.3945.130)\n\nScreenshot: file:///root/.selene/screenshots/1581072900025/1581072900026.png\nPageSource: file:///root/.selene/screenshots/1581072900025/1581072900026.html\n\n", "trace": "  File \"/usr/local/lib/python3.8/site-packages/behave/model.py\", line 1329, in run\n    match.run(runner.context)\n  File \"/usr/local/lib/python3.8/site-packages/behave/matchers.py\", line 98, in run\n    self.func(context, *args, **kwargs)\n  File \"features/steps/steps.py\", line 140, in step_impl\n    s(\"#account-creation_form\").should(have.text(email))\n  File \"/usr/local/lib/python3.8/site-packages/selene/core/entity.py\", line 294, in should\n    super().should(condition)\n  File \"/usr/local/lib/python3.8/site-packages/selene/core/entity.py\", line 121, in should\n    self.wait.for_(condition)\n  File \"/usr/local/lib/python3.8/site-packages/selene/core/wait.py\", line 100, in for_\n    raise self._hook_failure(failure)\n"}, "steps": [{"name": "Given I am in Sign In page", "status": "passed", "start": 1581072901177, "stop": 1581072906598}, {"name": "When I enter \"mailfortesting48@mailfortestingonly.com\" in Create New Account section", "status": "failed", "statusDetails": {"message": "selene.core.exceptions.TimeoutException: Message: \n\nTimed out after 4s, while waiting for:\nbrowser.element(('css selector', '#account-creation_form')).has text \"mailfortesting48@mailfortestingonly.com\"\nReason: NoSuchElementException: Message: no such element: Unable to locate element: {\"method\":\"css selector\",\"selector\":\"#account-creation_form\"}\n  (Session info: headless chrome=79.0.3945.130)\n\nScreenshot: file:///root/.selene/screenshots/1581072900025/1581072900026.png\nPageSource: file:///root/.selene/screenshots/1581072900025/1581072900026.html\n\n", "trace": "  File \"/usr/local/lib/python3.8/site-packages/behave/model.py\", line 1329, in run\n    match.run(runner.context)\n  File \"/usr/local/lib/python3.8/site-packages/behave/matchers.py\", line 98, in run\n    self.func(context, *args, **kwargs)\n  File \"features/steps/steps.py\", line 140, in step_impl\n    s(\"#account-creation_form\").should(have.text(email))\n  File \"/usr/local/lib/python3.8/site-packages/selene/core/entity.py\", line 294, in should\n    super().should(condition)\n  File \"/usr/local/lib/python3.8/site-packages/selene/core/entity.py\", line 121, in should\n    self.wait.for_(condition)\n  File \"/usr/local/lib/python3.8/site-packages/selene/core/wait.py\", line 100, in for_\n    raise self._hook_failure(failure)\n"}, "start": 1581072906598, "stop": 1581072911110}, {"name": "And I enter valid account details", "status": "skipped", "start": 1581072911111, "stop": 1581072911111}, {"name": "And click on Register button", "status": "skipped", "start": 1581072911111, "stop": 1581072911111}, {"name": "And My Account page is opened", "status": "skipped", "start": 1581072911111, "stop": 1581072911111}, {"name": "And I click on My Personal Information button", "status": "skipped", "start": 1581072911111, "stop": 1581072911111}, {"name": "Then Your Personal Information page is opened", "status": "skipped", "start": 1581072911111, "stop": 1581072911112}, {"name": "And correct personal information is displayed", "status": "skipped", "start": 1581072911112, "stop": 1581072911112}], "start": 1581072901176, "stop": 1581072911112, "uuid": "0eedc189-283d-4654-a1cd-09aed5c7ae65", "historyId": "65deff046e9e25a740783ffb86da98a7", "labels": [{"name": "severity", "value": "normal"}, {"name": "feature", "value": "automationpractice"}, {"name": "framework", "value": "behave"}, {"name": "language", "value": "cpython3"}]}