{"name": "Account creation", "status": "failed", "statusDetails": {"message": "selene.core.exceptions.TimeoutException: Message: \n\nTimed out after 4s, while waiting for:\nbrowser.all(('css selector', '#id_state'))[('xpath', \"./option[value='24']\")].click\nReason: TypeError: '<=' not supported between instances of 'int' and 'tuple'\nScreenshot: file:///root/.selene/screenshots/1580814095148/1580814095149.png\nPageSource: file:///root/.selene/screenshots/1580814095148/1580814095149.html\n\n", "trace": "  File \"/usr/local/lib/python3.8/site-packages/behave/model.py\", line 1329, in run\n    match.run(runner.context)\n  File \"/usr/local/lib/python3.8/site-packages/behave/matchers.py\", line 98, in run\n    self.func(context, *args, **kwargs)\n  File \"features/steps/steps.py\", line 35, in step_impl\n    ss(\"#id_state\").element(by.xpath(\"./option[value='\" + STATE + \"']\")).click()\n  File \"/usr/local/lib/python3.8/site-packages/selene/core/entity.py\", line 253, in click\n    self.wait.command('click', lambda element: element().click())\n  File \"/usr/local/lib/python3.8/site-packages/selene/core/wait.py\", line 111, in command\n    self.for_(Command(description, fn))\n  File \"/usr/local/lib/python3.8/site-packages/selene/core/wait.py\", line 100, in for_\n    raise self._hook_failure(failure)\n"}, "steps": [{"name": "Given I am in Sign In page", "status": "passed", "start": 1580814096274, "stop": 1580814100895}, {"name": "When I enter email in Create New Account section", "status": "passed", "start": 1580814100895, "stop": 1580814102515}, {"name": "And I enter valid account details", "status": "failed", "statusDetails": {"message": "selene.core.exceptions.TimeoutException: Message: \n\nTimed out after 4s, while waiting for:\nbrowser.all(('css selector', '#id_state'))[('xpath', \"./option[value='24']\")].click\nReason: TypeError: '<=' not supported between instances of 'int' and 'tuple'\nScreenshot: file:///root/.selene/screenshots/1580814095148/1580814095149.png\nPageSource: file:///root/.selene/screenshots/1580814095148/1580814095149.html\n\n", "trace": "  File \"/usr/local/lib/python3.8/site-packages/behave/model.py\", line 1329, in run\n    match.run(runner.context)\n  File \"/usr/local/lib/python3.8/site-packages/behave/matchers.py\", line 98, in run\n    self.func(context, *args, **kwargs)\n  File \"features/steps/steps.py\", line 35, in step_impl\n    ss(\"#id_state\").element(by.xpath(\"./option[value='\" + STATE + \"']\")).click()\n  File \"/usr/local/lib/python3.8/site-packages/selene/core/entity.py\", line 253, in click\n    self.wait.command('click', lambda element: element().click())\n  File \"/usr/local/lib/python3.8/site-packages/selene/core/wait.py\", line 111, in command\n    self.for_(Command(description, fn))\n  File \"/usr/local/lib/python3.8/site-packages/selene/core/wait.py\", line 100, in for_\n    raise self._hook_failure(failure)\n"}, "start": 1580814102515, "stop": 1580814107490}, {"name": "And click on Register button", "status": "skipped", "start": 1580814107491, "stop": 1580814107491}, {"name": "And My Account page is opened", "status": "skipped", "start": 1580814107491, "stop": 1580814107491}, {"name": "And I click on My Personal Information button", "status": "skipped", "start": 1580814107491, "stop": 1580814107491}, {"name": "Then Your Personal Information page is opened", "status": "skipped", "start": 1580814107491, "stop": 1580814107491}, {"name": "And correct personal information is displayed", "status": "skipped", "start": 1580814107491, "stop": 1580814107491}], "start": 1580814096273, "stop": 1580814107491, "uuid": "7c163042-5d3b-47b1-b47e-2780425171ae", "historyId": "65deff046e9e25a740783ffb86da98a7", "labels": [{"name": "severity", "value": "normal"}, {"name": "feature", "value": "automationpractice"}, {"name": "framework", "value": "behave"}, {"name": "language", "value": "cpython3"}]}