{"name": "Account creation", "status": "failed", "statusDetails": {"message": "selene.core.exceptions.TimeoutException: Message: \n\nTimed out after 4s, while waiting for:\nbrowser.element(('css selector', '.page-subheading')).has text Your personal information\nReason: AssertionError: actual text: YOUR PERSONAL INFORMATION\nScreenshot: file:///root/.selene/screenshots/1580815124682/1580815124683.png\nPageSource: file:///root/.selene/screenshots/1580815124682/1580815124683.html\n\n", "trace": "  File \"/usr/local/lib/python3.8/site-packages/behave/model.py\", line 1329, in run\n    match.run(runner.context)\n  File \"/usr/local/lib/python3.8/site-packages/behave/matchers.py\", line 98, in run\n    self.func(context, *args, **kwargs)\n  File \"features/steps/steps.py\", line 55, in step_impl\n    s('.page-subheading').should(have.text('Your personal information'))\n  File \"/usr/local/lib/python3.8/site-packages/selene/core/entity.py\", line 294, in should\n    super().should(condition)\n  File \"/usr/local/lib/python3.8/site-packages/selene/core/entity.py\", line 121, in should\n    self.wait.for_(condition)\n  File \"/usr/local/lib/python3.8/site-packages/selene/core/wait.py\", line 100, in for_\n    raise self._hook_failure(failure)\n"}, "steps": [{"name": "Given I am in Sign In page", "status": "passed", "start": 1580815125837, "stop": 1580815131179}, {"name": "When I enter email in Create New Account section", "status": "passed", "start": 1580815131179, "stop": 1580815133746}, {"name": "And I enter valid account details", "status": "passed", "start": 1580815133746, "stop": 1580815134994}, {"name": "And click on Register button", "status": "passed", "start": 1580815134994, "stop": 1580815141285}, {"name": "And My Account page is opened", "status": "passed", "start": 1580815141285, "stop": 1580815141352}, {"name": "And I click on My Personal Information button", "status": "passed", "start": 1580815141352, "stop": 1580815143515}, {"name": "Then Your Personal Information page is opened", "status": "failed", "statusDetails": {"message": "selene.core.exceptions.TimeoutException: Message: \n\nTimed out after 4s, while waiting for:\nbrowser.element(('css selector', '.page-subheading')).has text Your personal information\nReason: AssertionError: actual text: YOUR PERSONAL INFORMATION\nScreenshot: file:///root/.selene/screenshots/1580815124682/1580815124683.png\nPageSource: file:///root/.selene/screenshots/1580815124682/1580815124683.html\n\n", "trace": "  File \"/usr/local/lib/python3.8/site-packages/behave/model.py\", line 1329, in run\n    match.run(runner.context)\n  File \"/usr/local/lib/python3.8/site-packages/behave/matchers.py\", line 98, in run\n    self.func(context, *args, **kwargs)\n  File \"features/steps/steps.py\", line 55, in step_impl\n    s('.page-subheading').should(have.text('Your personal information'))\n  File \"/usr/local/lib/python3.8/site-packages/selene/core/entity.py\", line 294, in should\n    super().should(condition)\n  File \"/usr/local/lib/python3.8/site-packages/selene/core/entity.py\", line 121, in should\n    self.wait.for_(condition)\n  File \"/usr/local/lib/python3.8/site-packages/selene/core/wait.py\", line 100, in for_\n    raise self._hook_failure(failure)\n"}, "start": 1580815143515, "stop": 1580815147618}, {"name": "And correct personal information is displayed", "status": "skipped", "start": 1580815147619, "stop": 1580815147619}], "start": 1580815125836, "stop": 1580815147619, "uuid": "f6a58686-f2ff-4571-9e17-3d9c318f4624", "historyId": "65deff046e9e25a740783ffb86da98a7", "labels": [{"name": "severity", "value": "normal"}, {"name": "feature", "value": "automationpractice"}, {"name": "framework", "value": "behave"}, {"name": "language", "value": "cpython3"}]}