{"name": "Account creation", "status": "failed", "statusDetails": {"message": "selene.core.exceptions.TimeoutException: Message: \n\nTimed out after 4s, while waiting for:\nbrowser.all(('css selector', '#todo-list>li'))[('xpath', \".//a[title='Information']\")].click\nReason: TypeError: '<=' not supported between instances of 'int' and 'tuple'\nScreenshot: file:///root/.selene/screenshots/1580814514777/1580814514778.png\nPageSource: file:///root/.selene/screenshots/1580814514777/1580814514778.html\n\n", "trace": "  File \"/usr/local/lib/python3.8/site-packages/behave/model.py\", line 1329, in run\n    match.run(runner.context)\n  File \"/usr/local/lib/python3.8/site-packages/behave/matchers.py\", line 98, in run\n    self.func(context, *args, **kwargs)\n  File \"features/steps/steps.py\", line 51, in step_impl\n    ss('#todo-list>li').element(by.xpath(\".//a[title='Information']\")).click()\n  File \"/usr/local/lib/python3.8/site-packages/selene/core/entity.py\", line 253, in click\n    self.wait.command('click', lambda element: element().click())\n  File \"/usr/local/lib/python3.8/site-packages/selene/core/wait.py\", line 111, in command\n    self.for_(Command(description, fn))\n  File \"/usr/local/lib/python3.8/site-packages/selene/core/wait.py\", line 100, in for_\n    raise self._hook_failure(failure)\n"}, "steps": [{"name": "Given I am in Sign In page", "status": "passed", "start": 1580814515896, "stop": 1580814521787}, {"name": "When I enter email in Create New Account section", "status": "passed", "start": 1580814521787, "stop": 1580814523902}, {"name": "And I enter valid account details", "status": "passed", "start": 1580814523902, "stop": 1580814525167}, {"name": "And click on Register button", "status": "passed", "start": 1580814525167, "stop": 1580814526988}, {"name": "And My Account page is opened", "status": "passed", "start": 1580814526988, "stop": 1580814527059}, {"name": "And I click on My Personal Information button", "status": "failed", "statusDetails": {"message": "selene.core.exceptions.TimeoutException: Message: \n\nTimed out after 4s, while waiting for:\nbrowser.all(('css selector', '#todo-list>li'))[('xpath', \".//a[title='Information']\")].click\nReason: TypeError: '<=' not supported between instances of 'int' and 'tuple'\nScreenshot: file:///root/.selene/screenshots/1580814514777/1580814514778.png\nPageSource: file:///root/.selene/screenshots/1580814514777/1580814514778.html\n\n", "trace": "  File \"/usr/local/lib/python3.8/site-packages/behave/model.py\", line 1329, in run\n    match.run(runner.context)\n  File \"/usr/local/lib/python3.8/site-packages/behave/matchers.py\", line 98, in run\n    self.func(context, *args, **kwargs)\n  File \"features/steps/steps.py\", line 51, in step_impl\n    ss('#todo-list>li').element(by.xpath(\".//a[title='Information']\")).click()\n  File \"/usr/local/lib/python3.8/site-packages/selene/core/entity.py\", line 253, in click\n    self.wait.command('click', lambda element: element().click())\n  File \"/usr/local/lib/python3.8/site-packages/selene/core/wait.py\", line 111, in command\n    self.for_(Command(description, fn))\n  File \"/usr/local/lib/python3.8/site-packages/selene/core/wait.py\", line 100, in for_\n    raise self._hook_failure(failure)\n"}, "start": 1580814527060, "stop": 1580814531141}, {"name": "Then Your Personal Information page is opened", "status": "skipped", "start": 1580814531142, "stop": 1580814531142}, {"name": "And correct personal information is displayed", "status": "skipped", "start": 1580814531142, "stop": 1580814531142}], "start": 1580814515895, "stop": 1580814531142, "uuid": "50ce05ea-794b-40d0-a8f2-228570aaf9d8", "historyId": "65deff046e9e25a740783ffb86da98a7", "labels": [{"name": "severity", "value": "normal"}, {"name": "feature", "value": "automationpractice"}, {"name": "framework", "value": "behave"}, {"name": "language", "value": "cpython3"}]}