{"name": "Account creation", "status": "failed", "statusDetails": {"message": "selene.core.exceptions.TimeoutException: Message: \n\nTimed out after 4s, while waiting for:\nbrowser.element(('css selector', '#SubmitCreate')).has text create\nReason: AssertionError: actual text: Create an account\nScreenshot: file:///root/.selene/screenshots/1581073734715/1581073734716.png\nPageSource: file:///root/.selene/screenshots/1581073734715/1581073734716.html\n\n", "trace": "  File \"/usr/local/lib/python3.8/site-packages/behave/model.py\", line 1329, in run\n    match.run(runner.context)\n  File \"/usr/local/lib/python3.8/site-packages/behave/matchers.py\", line 98, in run\n    self.func(context, *args, **kwargs)\n  File \"features/steps/steps.py\", line 139, in step_impl\n    s(\"#SubmitCreate\").should(have.text('create'))\n  File \"/usr/local/lib/python3.8/site-packages/selene/core/entity.py\", line 294, in should\n    super().should(condition)\n  File \"/usr/local/lib/python3.8/site-packages/selene/core/entity.py\", line 121, in should\n    self.wait.for_(condition)\n  File \"/usr/local/lib/python3.8/site-packages/selene/core/wait.py\", line 100, in for_\n    raise self._hook_failure(failure)\n"}, "steps": [{"name": "Given I am in Sign In page", "status": "passed", "start": 1581073735844, "stop": 1581073739072}, {"name": "When I enter \"mailfortesting48@mailfortestingonly.com\" in Create New Account section", "status": "failed", "statusDetails": {"message": "selene.core.exceptions.TimeoutException: Message: \n\nTimed out after 4s, while waiting for:\nbrowser.element(('css selector', '#SubmitCreate')).has text create\nReason: AssertionError: actual text: Create an account\nScreenshot: file:///root/.selene/screenshots/1581073734715/1581073734716.png\nPageSource: file:///root/.selene/screenshots/1581073734715/1581073734716.html\n\n", "trace": "  File \"/usr/local/lib/python3.8/site-packages/behave/model.py\", line 1329, in run\n    match.run(runner.context)\n  File \"/usr/local/lib/python3.8/site-packages/behave/matchers.py\", line 98, in run\n    self.func(context, *args, **kwargs)\n  File \"features/steps/steps.py\", line 139, in step_impl\n    s(\"#SubmitCreate\").should(have.text('create'))\n  File \"/usr/local/lib/python3.8/site-packages/selene/core/entity.py\", line 294, in should\n    super().should(condition)\n  File \"/usr/local/lib/python3.8/site-packages/selene/core/entity.py\", line 121, in should\n    self.wait.for_(condition)\n  File \"/usr/local/lib/python3.8/site-packages/selene/core/wait.py\", line 100, in for_\n    raise self._hook_failure(failure)\n"}, "start": 1581073739072, "stop": 1581073743589}, {"name": "And I enter valid account details", "status": "skipped", "start": 1581073743590, "stop": 1581073743590}, {"name": "And click on Register button", "status": "skipped", "start": 1581073743590, "stop": 1581073743590}, {"name": "And My Account page is opened", "status": "skipped", "start": 1581073743590, "stop": 1581073743590}, {"name": "And I click on My Personal Information button", "status": "skipped", "start": 1581073743590, "stop": 1581073743590}, {"name": "Then Your Personal Information page is opened", "status": "skipped", "start": 1581073743590, "stop": 1581073743590}, {"name": "And correct personal information is displayed", "status": "skipped", "start": 1581073743590, "stop": 1581073743590}], "start": 1581073735843, "stop": 1581073743590, "uuid": "4c551aac-a297-46db-b724-4cf8a1d124e0", "historyId": "65deff046e9e25a740783ffb86da98a7", "labels": [{"name": "severity", "value": "normal"}, {"name": "feature", "value": "automationpractice"}, {"name": "framework", "value": "behave"}, {"name": "language", "value": "cpython3"}]}